<?xml version="1.0" encoding="UTF-8"?>
<!-- Generated by org.testng.reporters.JUnitXMLReporter -->
<testsuite ignored="0" hostname="DESKTOP-TA34NI2" failures="0" tests="4" name="Surefire test" time="94.508" errors="0" timestamp="14 Feb. 2022 04:53:53 GMT">
  <testcase classname="tests.AmazonLoginTest" name="a" time="0.0"/>
  <testcase classname="tests.AmazonLoginTest" name="verifySigninLabel" time="0.072"/>
  <testcase classname="tests.AmazonLoginTest" name="checkTitle" time="0.005"/>
  <testcase classname="tests.AmazonLoginTest" name="enterEmail" time="0.268"/>
</testsuite> <!-- Surefire test -->
