<?xml version="1.0" encoding="UTF-8"?>
<!-- Generated by org.testng.reporters.JUnitXMLReporter -->
<testsuite hostname="DESKTOP-TA34NI2" ignored="0" name="Surefire test" tests="12" failures="0" timestamp="12 Mar 2022 19:06:24 GMT" time="418.24" errors="0">
  <testcase name="a" time="0.0" classname="tests.AmazonLoginTest"/>
  <testcase name="checkTitle" time="0.004" classname="tests.PasswordPageTest"/>
  <testcase name="verifySigninLabel" time="0.109" classname="tests.AmazonLoginTest"/>
  <testcase name="verifyEmailId" time="0.06" classname="tests.PasswordPageTest"/>
  <testcase name="checkTitle" time="0.004" classname="tests.AmazonLoginTest"/>
  <testcase name="enterWrongpassword" time="0.847" classname="tests.PasswordPageTest"/>
  <testcase name="needHelp" time="0.439" classname="tests.AmazonLoginTest"/>
  <testcase name="verifyFooter" time="0.204" classname="tests.AmazonLoginTest"/>
  <testcase name="enterWrongEmail" time="0.674" classname="tests.AmazonLoginTest"/>
  <testcase name="enterWrongEmail" time="0.534" classname="tests.AmazonLoginTest"/>
  <testcase name="enterWrongEmail" time="0.564" classname="tests.AmazonLoginTest"/>
  <testcase name="enterEmail" time="0.675" classname="tests.AmazonLoginTest"/>
</testsuite> <!-- Surefire test -->
