<?xml version="1.0" encoding="UTF-8"?>
<!-- Generated by org.testng.reporters.JUnitXMLReporter -->
<testsuite ignored="0" hostname="DESKTOP-TA34NI2" failures="0" tests="12" name="Test" time="511.849" errors="0" timestamp="27 Feb. 2022 20:12:49 GMT">
  <testcase classname="tests.AmazonLoginTest" name="a" time="0.0"/>
  <testcase classname="tests.PasswordPageTest" name="checkTitle" time="0.004"/>
  <testcase classname="tests.AmazonLoginTest" name="verifySigninLabel" time="0.11"/>
  <testcase classname="tests.PasswordPageTest" name="verifyEmailId" time="0.065"/>
  <testcase classname="tests.AmazonLoginTest" name="checkTitle" time="0.0"/>
  <testcase classname="tests.PasswordPageTest" name="enterWrongpassword" time="0.855"/>
  <testcase classname="tests.AmazonLoginTest" name="needHelp" time="0.399"/>
  <testcase classname="tests.AmazonLoginTest" name="verifyFooter" time="0.188"/>
  <testcase classname="tests.AmazonLoginTest" name="enterWrongEmail" time="0.511"/>
  <testcase classname="tests.AmazonLoginTest" name="enterWrongEmail" time="0.549"/>
  <testcase classname="tests.AmazonLoginTest" name="enterWrongEmail" time="0.499"/>
  <testcase classname="tests.AmazonLoginTest" name="enterEmail" time="0.65"/>
</testsuite> <!-- Test -->
