<?xml version="1.0" encoding="UTF-8"?>
<testng-results ignored="0" total="4" passed="4" failed="0" skipped="0">
  <reporter-output>
  </reporter-output>
  <suite started-at="2022-02-14T04:52:19Z" name="Surefire suite" finished-at="2022-02-14T04:53:53Z" duration-ms="94508">
    <groups>
    </groups>
    <test started-at="2022-02-14T04:52:19Z" name="Surefire test" finished-at="2022-02-14T04:53:53Z" duration-ms="94508">
      <class name="tests.AmazonLoginTest">
        <test-method is-config="true" signature="setup()[pri:0, instance:tests.AmazonLoginTest@eb21112]" started-at="2022-02-13T23:52:19Z" name="setup" finished-at="2022-02-13T23:52:44Z" duration-ms="24871" status="PASS">
          <reporter-output>
          </reporter-output>
        </test-method> <!-- setup -->
        <test-method signature="a()[pri:1, instance:tests.AmazonLoginTest@eb21112]" started-at="2022-02-13T23:52:44Z" name="a" finished-at="2022-02-13T23:52:44Z" duration-ms="0" status="PASS">
          <reporter-output>
          </reporter-output>
        </test-method> <!-- a -->
        <test-method is-config="true" signature="tearDown()[pri:0, instance:tests.AmazonLoginTest@eb21112]" started-at="2022-02-13T23:52:44Z" name="tearDown" finished-at="2022-02-13T23:52:46Z" duration-ms="1821" status="PASS">
          <reporter-output>
          </reporter-output>
        </test-method> <!-- tearDown -->
        <test-method is-config="true" signature="setup()[pri:0, instance:tests.AmazonLoginTest@eb21112]" started-at="2022-02-13T23:52:46Z" name="setup" finished-at="2022-02-13T23:53:06Z" duration-ms="20443" status="PASS">
          <reporter-output>
          </reporter-output>
        </test-method> <!-- setup -->
        <test-method signature="verifySigninLabel()[pri:2, instance:tests.AmazonLoginTest@eb21112]" started-at="2022-02-13T23:53:06Z" name="verifySigninLabel" finished-at="2022-02-13T23:53:06Z" duration-ms="72" status="PASS">
          <reporter-output>
          </reporter-output>
        </test-method> <!-- verifySigninLabel -->
        <test-method is-config="true" signature="tearDown()[pri:0, instance:tests.AmazonLoginTest@eb21112]" started-at="2022-02-13T23:53:06Z" name="tearDown" finished-at="2022-02-13T23:53:11Z" duration-ms="4513" status="PASS">
          <reporter-output>
          </reporter-output>
        </test-method> <!-- tearDown -->
        <test-method is-config="true" signature="setup()[pri:0, instance:tests.AmazonLoginTest@eb21112]" started-at="2022-02-13T23:53:11Z" name="setup" finished-at="2022-02-13T23:53:31Z" duration-ms="20068" status="PASS">
          <reporter-output>
          </reporter-output>
        </test-method> <!-- setup -->
        <test-method signature="checkTitle()[pri:3, instance:tests.AmazonLoginTest@eb21112]" started-at="2022-02-13T23:53:31Z" name="checkTitle" finished-at="2022-02-13T23:53:31Z" duration-ms="5" status="PASS">
          <reporter-output>
          </reporter-output>
        </test-method> <!-- checkTitle -->
        <test-method is-config="true" signature="tearDown()[pri:0, instance:tests.AmazonLoginTest@eb21112]" started-at="2022-02-13T23:53:31Z" name="tearDown" finished-at="2022-02-13T23:53:32Z" duration-ms="1313" status="PASS">
          <reporter-output>
          </reporter-output>
        </test-method> <!-- tearDown -->
        <test-method is-config="true" signature="setup()[pri:0, instance:tests.AmazonLoginTest@eb21112]" started-at="2022-02-13T23:53:32Z" name="setup" finished-at="2022-02-13T23:53:52Z" duration-ms="20183" status="PASS">
          <reporter-output>
          </reporter-output>
        </test-method> <!-- setup -->
        <test-method signature="enterEmail()[pri:4, instance:tests.AmazonLoginTest@eb21112]" started-at="2022-02-13T23:53:52Z" name="enterEmail" finished-at="2022-02-13T23:53:52Z" duration-ms="268" status="PASS">
          <reporter-output>
          </reporter-output>
        </test-method> <!-- enterEmail -->
        <test-method is-config="true" signature="tearDown()[pri:0, instance:tests.AmazonLoginTest@eb21112]" started-at="2022-02-13T23:53:52Z" name="tearDown" finished-at="2022-02-13T23:53:53Z" duration-ms="939" status="PASS">
          <reporter-output>
          </reporter-output>
        </test-method> <!-- tearDown -->
      </class> <!-- tests.AmazonLoginTest -->
    </test> <!-- Surefire test -->
  </suite> <!-- Surefire suite -->
</testng-results>
