<?xml version="1.0" encoding="UTF-8"?>
<!-- Generated by org.testng.reporters.JUnitXMLReporter -->
<testsuite ignored="4" hostname="DESKTOP-TA34NI2" failures="0" tests="1" name="GRP-smoke" time="26.278" errors="0" timestamp="16 Feb. 2022 05:59:37 GMT">
  <testcase classname="tests.AmazonLoginTest" name="enterEmail" time="0.588"/>
  <testcase classname="tests.AmazonLoginTest" name="verifySigninLabel" time="0.0">
    <ignored/>
  </testcase> <!-- verifySigninLabel -->
  <testcase classname="tests.AmazonLoginTest" name="checkTitle" time="0.0">
    <ignored/>
  </testcase> <!-- checkTitle -->
  <testcase classname="tests.AmazonLoginTest" name="a" time="0.0">
    <ignored/>
  </testcase> <!-- a -->
  <testcase classname="tests.AmazonLoginTest" name="needHelp" time="0.0">
    <ignored/>
  </testcase> <!-- needHelp -->
</testsuite> <!-- GRP-smoke -->
